UPC++ configure: ./configure --prefix=home/william/sympack/upcxx-2023.9.0 --enable-cuda
Unpacking /home/william/sympack/upcxx-2023.9.0/src/GASNet-2023.9.0.tar.gz

System: Linux DESKTOP-IPGED33 5.15.153.1-microsoft-standard-WSL2 #1 SMP Fri Mar 29 23:14:13 UTC 2024 x86_64 x86_64 x86_64 GNU/Linux
Distributor ID:	Ubuntu
Description:	Ubuntu 24.04.1 LTS
Release:	24.04
Codename:	noble
 
Date: Mon Nov 11 13:27:40 -05 2024
Current directory: /home/william/sympack/upcxx-2023.9.0
Install directory: /home/william/sympack/upcxx-2023.9.0/home/william/sympack/upcxx-2023.9.0
Configure command: ./configure --prefix=home/william/sympack/upcxx-2023.9.0 --enable-cuda
Configure environment:
    CC='mpicc'
    CXX='mpicxx'
    GASNET='/home/william/sympack/upcxx-2023.9.0/src/GASNet-2023.9.0.tar.gz'
    UPCXX_CUDA_NVCC='/usr/bin/nvcc'
 
GNU bash, version 5.2.21(1)-release (x86_64-pc-linux-gnu)
Copyright (C) 2022 Free Software Foundation, Inc.
 
/usr/bin/mpicxx
g++ (Ubuntu 13.2.0-23ubuntu4) 13.2.0
Copyright (C) 2023 Free Software Foundation, Inc.
This is free software; see the source for copying conditions.  There is NO
warranty; not even for MERCHANTABILITY or FITNESS FOR A PARTICULAR PURPOSE.

/usr/bin/mpicc
gcc (Ubuntu 13.2.0-23ubuntu4) 13.2.0
Copyright (C) 2023 Free Software Foundation, Inc.
This is free software; see the source for copying conditions.  There is NO
warranty; not even for MERCHANTABILITY or FITNESS FOR A PARTICULAR PURPOSE.

 
/usr/bin/python3: Python 3.12.3

/usr/bin/gmake
GNU Make version 4.3

/usr/bin/nvcc:
nvcc: NVIDIA (R) Cuda compiler driver
Copyright (c) 2005-2023 NVIDIA Corporation
Built on Fri_Jan__6_16:45:21_PST_2023
Cuda compilation tools, release 12.0, V12.0.140
Build cuda_12.0.r12.0/compiler.32267302_0

UPC++ configuration complete.
Recommended next steps:
  1. 'gmake all'
  2. 'gmake check'
  3. 'gmake install'

********

WARNING: The initial shell was not bash version 3.2.57 or newer.
WARNING: Using '/usr/bin/bash', found in $PATH.
NOTE: Run 'full_path_to_bash ./configure [args]' to override the automatic detection.

********

